<?xml version="1.0" encoding="UTF-8"?>
<testng-results skipped="0" failed="0" total="1" passed="1">
  <reporter-output>
  </reporter-output>
  <suite name="Default suite" duration-ms="8133" started-at="2015-04-27T10:18:46Z" finished-at="2015-04-27T10:18:55Z">
    <groups>
    </groups>
    <test name="Default test" duration-ms="8133" started-at="2015-04-27T10:18:46Z" finished-at="2015-04-27T10:18:55Z">
      <class name="com.example.tests.ContactCreationTests">
        <test-method status="PASS" signature="setUp()[pri:0, instance:com.example.tests.ContactCreationTests@318c6fd4]" name="setUp" is-config="true" duration-ms="3782" started-at="2015-04-27T13:18:46Z" finished-at="2015-04-27T13:18:50Z">
          <reporter-output>
          </reporter-output>
        </test-method> <!-- setUp -->
        <test-method status="PASS" signature="testEmptyDateNonEmptyContactCreation()[pri:0, instance:com.example.tests.ContactCreationTests@318c6fd4]" name="testEmptyDateNonEmptyContactCreation" duration-ms="4148" started-at="2015-04-27T13:18:50Z" finished-at="2015-04-27T13:18:54Z">
          <reporter-output>
          </reporter-output>
        </test-method> <!-- testEmptyDateNonEmptyContactCreation -->
        <test-method status="PASS" signature="tearDown()[pri:0, instance:com.example.tests.ContactCreationTests@318c6fd4]" name="tearDown" is-config="true" duration-ms="203" started-at="2015-04-27T13:18:54Z" finished-at="2015-04-27T13:18:55Z">
          <reporter-output>
          </reporter-output>
        </test-method> <!-- tearDown -->
      </class> <!-- com.example.tests.ContactCreationTests -->
    </test> <!-- Default test -->
  </suite> <!-- Default suite -->
</testng-results>
