<?xml version="1.0" encoding="UTF-8"?>
<!-- Generated by org.testng.reporters.JUnitXMLReporter -->
<testsuite hostname="Svetlana" name="Default test" tests="4" failures="0" timestamp="24 Apr 2015 16:57:46 GMT" time="10.986" errors="0">
  <testcase name="testEmptyGroupCreation" time="1.922" classname="com.example.tests.GroupCreationTests"/>
  <testcase name="testNonEmptyGroupCreation" time="1.745" classname="com.example.tests.GroupCreationTests"/>
  <testcase name="testEmptyGroupCreation" time="1.598" classname="com.example.tests.AlsoGroupCreationTests"/>
  <testcase name="testNonEmptyGroupCreation" time="1.746" classname="com.example.tests.AlsoGroupCreationTests"/>
</testsuite> <!-- Default test -->
